C51 COMPILER V9.54   SEMAPHORE                                                             10/27/2025 12:51:23 PAGE 1   


C51 COMPILER V9.54, COMPILATION OF MODULE SEMAPHORE
OBJECT MODULE PLACED IN .\Objects\semaphore.obj
COMPILER INVOKED BY: D:\0_SoftWare\Keil5\C51\BIN\C51.EXE src\semaphore.c LARGE OMF2 OPTIMIZE(0,SPEED) BROWSE DEBUG PRINT
                    -(.\Listings\semaphore.lst) TABS(2) OBJECT(.\Objects\semaphore.obj)

line level    source

   1          #include "semaphore.h"
   2          
   3          
   4          XDATA char semaphores[MAX_SEMAPHORES];
   5          XDATA u8 proc_sem_wait_flag[MAX_SEMAPHORES];
   6          XDATA u8 sem_wake_round[MAX_SEMAPHORES];
   7          XDATA u8 proc_waiting_sem = 0;
   8          
   9          void __sem_init(u8 sem_id, char val)
  10          {
  11   1          proc_sem_wait_flag[sem_id] = 0;
  12   1          sem_wake_round[sem_id] = 1;
  13   1          semaphores[sem_id] = val;
  14   1      }
  15          
  16          void __sem_post(u8 sem_id)
  17          {
  18   1          XDATA u8 select_wake;
  19   1      
  20   1          //No process is waiting, only increment semaphore
  21   1          if(!proc_sem_wait_flag[sem_id])
  22   1          {
  23   2              semaphores[sem_id]++;
  24   2              return;
  25   2          }
  26   1      
  27   1          //Find first process waiting on the semaphore
  28   1          select_wake = RSL(sem_wake_round[sem_id]);
  29   1          while ((select_wake & proc_sem_wait_flag[sem_id]) == 0)
  30   1              select_wake = RSL(select_wake);
  31   1      
  32   1          //Remove the waiting flag of the process
  33   1          proc_sem_wait_flag[sem_id] &= ~select_wake;
  34   1          proc_waiting_sem &= ~select_wake;
  35   1      
  36   1          //Record the last waked process
  37   1          sem_wake_round[sem_id] = select_wake;
  38   1      }
  39          
  40          u8 __sem_wait(u8 sem_id)
  41          {
  42   1          //semaphore currently idle, decrement value and return.
  43   1          if(semaphores[sem_id])
  44   1          {
  45   2              semaphores[sem_id] --;
  46   2              return 1;
  47   2          }
  48   1      
  49   1          /*  
  50   1              set current process waiting on semaphore, yield
  51   1              (and the process won't be selected by scheduler 
  52   1              until wait flag is cleared by some sem_post)
  53   1          */
  54   1          proc_sem_wait_flag[sem_id] |= BIT(current_process);
C51 COMPILER V9.54   SEMAPHORE                                                             10/27/2025 12:51:23 PAGE 2   

  55   1          proc_waiting_sem |= BIT(current_process);
  56   1      
  57   1          return 0; //returning 0 means a reschedule should be done.
  58   1      }


MODULE INFORMATION:   STATIC OVERLAYABLE
   CODE SIZE        =    434    ----
   CONSTANT SIZE    =   ----    ----
   XDATA SIZE       =     30    ----
   PDATA SIZE       =   ----    ----
   DATA SIZE        =   ----    ----
   IDATA SIZE       =   ----    ----
   BIT SIZE         =   ----    ----
   EDATA SIZE       =   ----    ----
   HDATA SIZE       =   ----    ----
   XDATA CONST SIZE =   ----    ----
   FAR CONST SIZE   =   ----    ----
END OF MODULE INFORMATION.


C51 COMPILATION COMPLETE.  0 WARNING(S),  0 ERROR(S)
